{
  "C:/Users/m0rlo/RS_school/React/RSSchoolReact2023Q1/src/infostructure/constants.ts": {
    "path": "C:/Users/m0rlo/RS_school/React/RSSchoolReact2023Q1/src/infostructure/constants.ts",
    "statementMap": {
      "0": {
        "start": {
          "line": 1,
          "column": 34
        },
        "end": {
          "line": 7,
          "column": 14
        }
      },
      "1": {
        "start": {
          "line": 2,
          "column": 2
        },
        "end": {
          "line": 2,
          "column": 22
        }
      },
      "2": {
        "start": {
          "line": 3,
          "column": 2
        },
        "end": {
          "line": 3,
          "column": 28
        }
      },
      "3": {
        "start": {
          "line": 4,
          "column": 2
        },
        "end": {
          "line": 4,
          "column": 28
        }
      },
      "4": {
        "start": {
          "line": 5,
          "column": 2
        },
        "end": {
          "line": 5,
          "column": 26
        }
      },
      "5": {
        "start": {
          "line": 6,
          "column": 2
        },
        "end": {
          "line": 6,
          "column": 15
        }
      }
    },
    "fnMap": {
      "0": {
        "name": "(anonymous_0)",
        "decl": {
          "start": {
            "line": 1,
            "column": 35
          },
          "end": {
            "line": 1,
            "column": 36
          }
        },
        "loc": {
          "start": {
            "line": 1,
            "column": 46
          },
          "end": {
            "line": 7,
            "column": 1
          }
        },
        "line": 1
      }
    },
    "branchMap": {
      "0": {
        "loc": {
          "start": {
            "line": 7,
            "column": 3
          },
          "end": {
            "line": 7,
            "column": 13
          }
        },
        "type": "binary-expr",
        "locations": [
          {
            "start": {
              "line": 7,
              "column": 3
            },
            "end": {
              "line": 7,
              "column": 7
            }
          },
          {
            "start": {
              "line": 7,
              "column": 11
            },
            "end": {
              "line": 7,
              "column": 13
            }
          }
        ],
        "line": 7
      }
    },
    "s": {
      "0": 3,
      "1": 3,
      "2": 3,
      "3": 3,
      "4": 3,
      "5": 3
    },
    "f": {
      "0": 3
    },
    "b": {
      "0": [
        3,
        3
      ]
    },
    "inputSourceMap": {
      "version": 3,
      "sources": [
        "C:/Users/m0rlo/RS_school/React/RSSchoolReact2023Q1/src/infostructure/constants.ts"
      ],
      "mappings": "AAAO,WAAK,OAAL,kBAAKA,UAAL;AACL,EAAAA,MAAA,UAAO;AACP,EAAAA,MAAA,WAAQ;AACR,EAAAA,MAAA,WAAQ;AACR,EAAAA,MAAA,aAAU;AAJA,SAAAA;AAAA,GAAA;",
      "names": [
        "PATH"
      ]
    },
    "_coverageSchema": "1a1c01bbd47fc00a2c39e90264f33305004495a9",
    "hash": "55fc0e1c158dcc3321c5e7b02d8e3135d5b6bef1"
  },
  "C:/Users/m0rlo/RS_school/React/RSSchoolReact2023Q1/src/molecules/headerNavigation/HeaderNavigation.tsx": {
    "path": "C:/Users/m0rlo/RS_school/React/RSSchoolReact2023Q1/src/molecules/headerNavigation/HeaderNavigation.tsx",
    "statementMap": {
      "0": {
        "start": {
          "line": 5,
          "column": 0
        },
        "end": {
          "line": 15,
          "column": 1
        }
      },
      "1": {
        "start": {
          "line": 6,
          "column": 2
        },
        "end": {
          "line": 8,
          "column": 3
        }
      },
      "2": {
        "start": {
          "line": 7,
          "column": 4
        },
        "end": {
          "line": 7,
          "column": 165
        }
      },
      "3": {
        "start": {
          "line": 9,
          "column": 2
        },
        "end": {
          "line": 9,
          "column": 39
        }
      },
      "4": {
        "start": {
          "line": 10,
          "column": 2
        },
        "end": {
          "line": 10,
          "column": 39
        }
      },
      "5": {
        "start": {
          "line": 11,
          "column": 2
        },
        "end": {
          "line": 13,
          "column": 4
        }
      },
      "6": {
        "start": {
          "line": 12,
          "column": 4
        },
        "end": {
          "line": 12,
          "column": 146
        }
      },
      "7": {
        "start": {
          "line": 14,
          "column": 2
        },
        "end": {
          "line": 14,
          "column": 75
        }
      },
      "8": {
        "start": {
          "line": 20,
          "column": 2
        },
        "end": {
          "line": 52,
          "column": 11
        }
      },
      "9": {
        "start": {
          "line": 54,
          "column": 0
        },
        "end": {
          "line": 54,
          "column": 22
        }
      },
      "10": {
        "start": {
          "line": 56,
          "column": 0
        },
        "end": {
          "line": 56,
          "column": 37
        }
      },
      "11": {
        "start": {
          "line": 57,
          "column": 0
        },
        "end": {
          "line": 73,
          "column": 1
        }
      },
      "12": {
        "start": {
          "line": 58,
          "column": 2
        },
        "end": {
          "line": 58,
          "column": 39
        }
      },
      "13": {
        "start": {
          "line": 59,
          "column": 2
        },
        "end": {
          "line": 59,
          "column": 39
        }
      },
      "14": {
        "start": {
          "line": 60,
          "column": 2
        },
        "end": {
          "line": 72,
          "column": 5
        }
      },
      "15": {
        "start": {
          "line": 64,
          "column": 4
        },
        "end": {
          "line": 64,
          "column": 172
        }
      },
      "16": {
        "start": {
          "line": 65,
          "column": 4
        },
        "end": {
          "line": 71,
          "column": 7
        }
      },
      "17": {
        "start": {
          "line": 66,
          "column": 6
        },
        "end": {
          "line": 67,
          "column": 15
        }
      },
      "18": {
        "start": {
          "line": 67,
          "column": 8
        },
        "end": {
          "line": 67,
          "column": 15
        }
      },
      "19": {
        "start": {
          "line": 68,
          "column": 32
        },
        "end": {
          "line": 68,
          "column": 115
        }
      },
      "20": {
        "start": {
          "line": 69,
          "column": 6
        },
        "end": {
          "line": 70,
          "column": 54
        }
      },
      "21": {
        "start": {
          "line": 70,
          "column": 8
        },
        "end": {
          "line": 70,
          "column": 54
        }
      }
    },
    "fnMap": {
      "0": {
        "name": "(anonymous_0)",
        "decl": {
          "start": {
            "line": 11,
            "column": 24
          },
          "end": {
            "line": 11,
            "column": 25
          }
        },
        "loc": {
          "start": {
            "line": 11,
            "column": 38
          },
          "end": {
            "line": 13,
            "column": 3
          }
        },
        "line": 11
      },
      "1": {
        "name": "HeaderNavigation",
        "decl": {
          "start": {
            "line": 19,
            "column": 24
          },
          "end": {
            "line": 19,
            "column": 40
          }
        },
        "loc": {
          "start": {
            "line": 19,
            "column": 43
          },
          "end": {
            "line": 53,
            "column": 1
          }
        },
        "line": 19
      },
      "2": {
        "name": "(anonymous_2)",
        "decl": {
          "start": {
            "line": 63,
            "column": 9
          },
          "end": {
            "line": 63,
            "column": 10
          }
        },
        "loc": {
          "start": {
            "line": 63,
            "column": 29
          },
          "end": {
            "line": 72,
            "column": 3
          }
        },
        "line": 63
      },
      "3": {
        "name": "(anonymous_3)",
        "decl": {
          "start": {
            "line": 65,
            "column": 27
          },
          "end": {
            "line": 65,
            "column": 28
          }
        },
        "loc": {
          "start": {
            "line": 65,
            "column": 44
          },
          "end": {
            "line": 71,
            "column": 5
          }
        },
        "line": 65
      }
    },
    "branchMap": {
      "0": {
        "loc": {
          "start": {
            "line": 5,
            "column": 0
          },
          "end": {
            "line": 15,
            "column": 1
          }
        },
        "type": "if",
        "locations": [
          {
            "start": {
              "line": 5,
              "column": 0
            },
            "end": {
              "line": 15,
              "column": 1
            }
          },
          {
            "start": {},
            "end": {}
          }
        ],
        "line": 5
      },
      "1": {
        "loc": {
          "start": {
            "line": 6,
            "column": 2
          },
          "end": {
            "line": 8,
            "column": 3
          }
        },
        "type": "if",
        "locations": [
          {
            "start": {
              "line": 6,
              "column": 2
            },
            "end": {
              "line": 8,
              "column": 3
            }
          },
          {
            "start": {},
            "end": {}
          }
        ],
        "line": 6
      },
      "2": {
        "loc": {
          "start": {
            "line": 57,
            "column": 0
          },
          "end": {
            "line": 73,
            "column": 1
          }
        },
        "type": "if",
        "locations": [
          {
            "start": {
              "line": 57,
              "column": 0
            },
            "end": {
              "line": 73,
              "column": 1
            }
          },
          {
            "start": {},
            "end": {}
          }
        ],
        "line": 57
      },
      "3": {
        "loc": {
          "start": {
            "line": 66,
            "column": 6
          },
          "end": {
            "line": 67,
            "column": 15
          }
        },
        "type": "if",
        "locations": [
          {
            "start": {
              "line": 66,
              "column": 6
            },
            "end": {
              "line": 67,
              "column": 15
            }
          },
          {
            "start": {},
            "end": {}
          }
        ],
        "line": 66
      },
      "4": {
        "loc": {
          "start": {
            "line": 69,
            "column": 6
          },
          "end": {
            "line": 70,
            "column": 54
          }
        },
        "type": "if",
        "locations": [
          {
            "start": {
              "line": 69,
              "column": 6
            },
            "end": {
              "line": 70,
              "column": 54
            }
          },
          {
            "start": {},
            "end": {}
          }
        ],
        "line": 69
      }
    },
    "s": {
      "0": 3,
      "1": 3,
      "2": 0,
      "3": 3,
      "4": 3,
      "5": 3,
      "6": 3,
      "7": 3,
      "8": 3,
      "9": 3,
      "10": 3,
      "11": 3,
      "12": 3,
      "13": 3,
      "14": 3,
      "15": 0,
      "16": 0,
      "17": 0,
      "18": 0,
      "19": 0,
      "20": 0,
      "21": 0
    },
    "f": {
      "0": 3,
      "1": 3,
      "2": 0,
      "3": 0
    },
    "b": {
      "0": [
        3,
        0
      ],
      "1": [
        0,
        3
      ],
      "2": [
        3,
        0
      ],
      "3": [
        0,
        0
      ],
      "4": [
        0,
        0
      ]
    },
    "inputSourceMap": {
      "version": 3,
      "mappings": "AASQ;AATR,OAAOA,oBAAkB;AAAA;AAAA;AAAA;AAAA;AAAA;AAAA;AAAA;AAAA;AAAA;AAAA;AAAA;AAAA;AAAA;AACzB,SAASC,eAAe;AACxB,SAASC,YAAY;AACrB,OAAO;AAEP,wBAAwBC,mBAAmB;AACzC,SACE,uBAAC,QAAG,WAAU,iBACZ;AAAA,2BAAC,QAAG,WAAU,eACZ,iCAAC,WAAQ,IAAID,KAAKE,MAAM,oBAAxB;AAAA;AAAA;AAAA;AAAA,WAA4B,KAD9B;AAAA;AAAA;AAAA;AAAA,WAEA;AAAA,IACA,uBAAC,QAAG,WAAU,eACZ,iCAAC,WAAQ,IAAIF,KAAKG,OAAO,qBAAzB;AAAA;AAAA;AAAA;AAAA,WAA8B,KADhC;AAAA;AAAA;AAAA;AAAA,WAEA;AAAA,IACA,uBAAC,QAAG,WAAU,eACZ,iCAAC,WAAQ,IAAIH,KAAKI,OAAO,wBAAzB;AAAA;AAAA;AAAA;AAAA,WAAiC,KADnC;AAAA;AAAA;AAAA;AAAA,WAEA;AAAA,OATF;AAAA;AAAA;AAAA;AAAA,SAUA;AAEJ;AAACC,KAduBJ;AAAgB;AAAAK",
      "names": [
        "React",
        "NavLink",
        "PATH",
        "HeaderNavigation",
        "MAIN",
        "FORMS",
        "ABOUT",
        "_c",
        "$RefreshReg$"
      ],
      "sources": [
        "C:/Users/m0rlo/RS_school/React/RSSchoolReact2023Q1/src/molecules/headerNavigation/HeaderNavigation.tsx"
      ],
      "file": "C:/Users/m0rlo/RS_school/React/RSSchoolReact2023Q1/src/molecules/headerNavigation/HeaderNavigation.tsx"
    },
    "_coverageSchema": "1a1c01bbd47fc00a2c39e90264f33305004495a9",
    "hash": "37601bdee341743e0be54d8b23977529019bcd43"
  },
  "C:/Users/m0rlo/RS_school/React/RSSchoolReact2023Q1/src/atoms/titel/Titel.tsx": {
    "path": "C:/Users/m0rlo/RS_school/React/RSSchoolReact2023Q1/src/atoms/titel/Titel.tsx",
    "statementMap": {
      "0": {
        "start": {
          "line": 5,
          "column": 0
        },
        "end": {
          "line": 15,
          "column": 1
        }
      },
      "1": {
        "start": {
          "line": 6,
          "column": 2
        },
        "end": {
          "line": 8,
          "column": 3
        }
      },
      "2": {
        "start": {
          "line": 7,
          "column": 4
        },
        "end": {
          "line": 7,
          "column": 165
        }
      },
      "3": {
        "start": {
          "line": 9,
          "column": 2
        },
        "end": {
          "line": 9,
          "column": 39
        }
      },
      "4": {
        "start": {
          "line": 10,
          "column": 2
        },
        "end": {
          "line": 10,
          "column": 39
        }
      },
      "5": {
        "start": {
          "line": 11,
          "column": 2
        },
        "end": {
          "line": 13,
          "column": 4
        }
      },
      "6": {
        "start": {
          "line": 12,
          "column": 4
        },
        "end": {
          "line": 12,
          "column": 120
        }
      },
      "7": {
        "start": {
          "line": 14,
          "column": 2
        },
        "end": {
          "line": 14,
          "column": 75
        }
      },
      "8": {
        "start": {
          "line": 19,
          "column": 2
        },
        "end": {
          "line": 23,
          "column": 11
        }
      },
      "9": {
        "start": {
          "line": 25,
          "column": 0
        },
        "end": {
          "line": 25,
          "column": 11
        }
      },
      "10": {
        "start": {
          "line": 27,
          "column": 0
        },
        "end": {
          "line": 27,
          "column": 26
        }
      },
      "11": {
        "start": {
          "line": 28,
          "column": 0
        },
        "end": {
          "line": 44,
          "column": 1
        }
      },
      "12": {
        "start": {
          "line": 29,
          "column": 2
        },
        "end": {
          "line": 29,
          "column": 39
        }
      },
      "13": {
        "start": {
          "line": 30,
          "column": 2
        },
        "end": {
          "line": 30,
          "column": 39
        }
      },
      "14": {
        "start": {
          "line": 31,
          "column": 2
        },
        "end": {
          "line": 43,
          "column": 5
        }
      },
      "15": {
        "start": {
          "line": 35,
          "column": 4
        },
        "end": {
          "line": 35,
          "column": 146
        }
      },
      "16": {
        "start": {
          "line": 36,
          "column": 4
        },
        "end": {
          "line": 42,
          "column": 7
        }
      },
      "17": {
        "start": {
          "line": 37,
          "column": 6
        },
        "end": {
          "line": 38,
          "column": 15
        }
      },
      "18": {
        "start": {
          "line": 38,
          "column": 8
        },
        "end": {
          "line": 38,
          "column": 15
        }
      },
      "19": {
        "start": {
          "line": 39,
          "column": 32
        },
        "end": {
          "line": 39,
          "column": 115
        }
      },
      "20": {
        "start": {
          "line": 40,
          "column": 6
        },
        "end": {
          "line": 41,
          "column": 54
        }
      },
      "21": {
        "start": {
          "line": 41,
          "column": 8
        },
        "end": {
          "line": 41,
          "column": 54
        }
      }
    },
    "fnMap": {
      "0": {
        "name": "(anonymous_0)",
        "decl": {
          "start": {
            "line": 11,
            "column": 24
          },
          "end": {
            "line": 11,
            "column": 25
          }
        },
        "loc": {
          "start": {
            "line": 11,
            "column": 38
          },
          "end": {
            "line": 13,
            "column": 3
          }
        },
        "line": 11
      },
      "1": {
        "name": "Titel",
        "decl": {
          "start": {
            "line": 16,
            "column": 24
          },
          "end": {
            "line": 16,
            "column": 29
          }
        },
        "loc": {
          "start": {
            "line": 18,
            "column": 3
          },
          "end": {
            "line": 24,
            "column": 1
          }
        },
        "line": 18
      },
      "2": {
        "name": "(anonymous_2)",
        "decl": {
          "start": {
            "line": 34,
            "column": 9
          },
          "end": {
            "line": 34,
            "column": 10
          }
        },
        "loc": {
          "start": {
            "line": 34,
            "column": 29
          },
          "end": {
            "line": 43,
            "column": 3
          }
        },
        "line": 34
      },
      "3": {
        "name": "(anonymous_3)",
        "decl": {
          "start": {
            "line": 36,
            "column": 27
          },
          "end": {
            "line": 36,
            "column": 28
          }
        },
        "loc": {
          "start": {
            "line": 36,
            "column": 44
          },
          "end": {
            "line": 42,
            "column": 5
          }
        },
        "line": 36
      }
    },
    "branchMap": {
      "0": {
        "loc": {
          "start": {
            "line": 5,
            "column": 0
          },
          "end": {
            "line": 15,
            "column": 1
          }
        },
        "type": "if",
        "locations": [
          {
            "start": {
              "line": 5,
              "column": 0
            },
            "end": {
              "line": 15,
              "column": 1
            }
          },
          {
            "start": {},
            "end": {}
          }
        ],
        "line": 5
      },
      "1": {
        "loc": {
          "start": {
            "line": 6,
            "column": 2
          },
          "end": {
            "line": 8,
            "column": 3
          }
        },
        "type": "if",
        "locations": [
          {
            "start": {
              "line": 6,
              "column": 2
            },
            "end": {
              "line": 8,
              "column": 3
            }
          },
          {
            "start": {},
            "end": {}
          }
        ],
        "line": 6
      },
      "2": {
        "loc": {
          "start": {
            "line": 28,
            "column": 0
          },
          "end": {
            "line": 44,
            "column": 1
          }
        },
        "type": "if",
        "locations": [
          {
            "start": {
              "line": 28,
              "column": 0
            },
            "end": {
              "line": 44,
              "column": 1
            }
          },
          {
            "start": {},
            "end": {}
          }
        ],
        "line": 28
      },
      "3": {
        "loc": {
          "start": {
            "line": 37,
            "column": 6
          },
          "end": {
            "line": 38,
            "column": 15
          }
        },
        "type": "if",
        "locations": [
          {
            "start": {
              "line": 37,
              "column": 6
            },
            "end": {
              "line": 38,
              "column": 15
            }
          },
          {
            "start": {},
            "end": {}
          }
        ],
        "line": 37
      },
      "4": {
        "loc": {
          "start": {
            "line": 40,
            "column": 6
          },
          "end": {
            "line": 41,
            "column": 54
          }
        },
        "type": "if",
        "locations": [
          {
            "start": {
              "line": 40,
              "column": 6
            },
            "end": {
              "line": 41,
              "column": 54
            }
          },
          {
            "start": {},
            "end": {}
          }
        ],
        "line": 40
      }
    },
    "s": {
      "0": 3,
      "1": 3,
      "2": 0,
      "3": 3,
      "4": 3,
      "5": 3,
      "6": 3,
      "7": 3,
      "8": 3,
      "9": 3,
      "10": 3,
      "11": 3,
      "12": 3,
      "13": 3,
      "14": 3,
      "15": 0,
      "16": 0,
      "17": 0,
      "18": 0,
      "19": 0,
      "20": 0,
      "21": 0
    },
    "f": {
      "0": 3,
      "1": 3,
      "2": 0,
      "3": 0
    },
    "b": {
      "0": [
        3,
        0
      ],
      "1": [
        0,
        3
      ],
      "2": [
        3,
        0
      ],
      "3": [
        0,
        0
      ],
      "4": [
        0,
        0
      ]
    },
    "inputSourceMap": {
      "version": 3,
      "mappings": "AAOS;AAPT,OAAOA,oBAAkB;AAAA;AAAA;AAAA;AAAA;AAAA;AAAA;AAAA;AAAA;AAAA;AAAA;AAAA;AAAA;AAAA;AAMzB,wBAAwBC,MAAM;AAAA,EAAEC;AAAiB,GAAG;AAClD,SAAO,uBAAC,QAAIA,kBAAL;AAAA;AAAA;AAAA;AAAA,SAAU;AACnB;AAACC,KAFuBF;AAAK;AAAAG",
      "names": [
        "React",
        "Titel",
        "text",
        "_c",
        "$RefreshReg$"
      ],
      "sources": [
        "C:/Users/m0rlo/RS_school/React/RSSchoolReact2023Q1/src/atoms/titel/Titel.tsx"
      ],
      "file": "C:/Users/m0rlo/RS_school/React/RSSchoolReact2023Q1/src/atoms/titel/Titel.tsx"
    },
    "_coverageSchema": "1a1c01bbd47fc00a2c39e90264f33305004495a9",
    "hash": "33de574dc04921d3ab6f83737673591c80bc0840"
  },
  "C:/Users/m0rlo/RS_school/React/RSSchoolReact2023Q1/src/organisms/header/Header.tsx": {
    "path": "C:/Users/m0rlo/RS_school/React/RSSchoolReact2023Q1/src/organisms/header/Header.tsx",
    "statementMap": {
      "0": {
        "start": {
          "line": 5,
          "column": 0
        },
        "end": {
          "line": 15,
          "column": 1
        }
      },
      "1": {
        "start": {
          "line": 6,
          "column": 2
        },
        "end": {
          "line": 8,
          "column": 3
        }
      },
      "2": {
        "start": {
          "line": 7,
          "column": 4
        },
        "end": {
          "line": 7,
          "column": 165
        }
      },
      "3": {
        "start": {
          "line": 9,
          "column": 2
        },
        "end": {
          "line": 9,
          "column": 39
        }
      },
      "4": {
        "start": {
          "line": 10,
          "column": 2
        },
        "end": {
          "line": 10,
          "column": 39
        }
      },
      "5": {
        "start": {
          "line": 11,
          "column": 2
        },
        "end": {
          "line": 13,
          "column": 4
        }
      },
      "6": {
        "start": {
          "line": 12,
          "column": 4
        },
        "end": {
          "line": 12,
          "column": 126
        }
      },
      "7": {
        "start": {
          "line": 14,
          "column": 2
        },
        "end": {
          "line": 14,
          "column": 75
        }
      },
      "8": {
        "start": {
          "line": 16,
          "column": 9
        },
        "end": {
          "line": 16,
          "column": 23
        }
      },
      "9": {
        "start": {
          "line": 22,
          "column": 15
        },
        "end": {
          "line": 26,
          "column": 1
        }
      },
      "10": {
        "start": {
          "line": 28,
          "column": 2
        },
        "end": {
          "line": 28,
          "column": 7
        }
      },
      "11": {
        "start": {
          "line": 29,
          "column": 19
        },
        "end": {
          "line": 29,
          "column": 32
        }
      },
      "12": {
        "start": {
          "line": 30,
          "column": 2
        },
        "end": {
          "line": 49,
          "column": 11
        }
      },
      "13": {
        "start": {
          "line": 51,
          "column": 0
        },
        "end": {
          "line": 53,
          "column": 3
        }
      },
      "14": {
        "start": {
          "line": 52,
          "column": 2
        },
        "end": {
          "line": 52,
          "column": 23
        }
      },
      "15": {
        "start": {
          "line": 54,
          "column": 0
        },
        "end": {
          "line": 54,
          "column": 12
        }
      },
      "16": {
        "start": {
          "line": 56,
          "column": 0
        },
        "end": {
          "line": 56,
          "column": 27
        }
      },
      "17": {
        "start": {
          "line": 57,
          "column": 0
        },
        "end": {
          "line": 73,
          "column": 1
        }
      },
      "18": {
        "start": {
          "line": 58,
          "column": 2
        },
        "end": {
          "line": 58,
          "column": 39
        }
      },
      "19": {
        "start": {
          "line": 59,
          "column": 2
        },
        "end": {
          "line": 59,
          "column": 39
        }
      },
      "20": {
        "start": {
          "line": 60,
          "column": 2
        },
        "end": {
          "line": 72,
          "column": 5
        }
      },
      "21": {
        "start": {
          "line": 64,
          "column": 4
        },
        "end": {
          "line": 64,
          "column": 152
        }
      },
      "22": {
        "start": {
          "line": 65,
          "column": 4
        },
        "end": {
          "line": 71,
          "column": 7
        }
      },
      "23": {
        "start": {
          "line": 66,
          "column": 6
        },
        "end": {
          "line": 67,
          "column": 15
        }
      },
      "24": {
        "start": {
          "line": 67,
          "column": 8
        },
        "end": {
          "line": 67,
          "column": 15
        }
      },
      "25": {
        "start": {
          "line": 68,
          "column": 32
        },
        "end": {
          "line": 68,
          "column": 115
        }
      },
      "26": {
        "start": {
          "line": 69,
          "column": 6
        },
        "end": {
          "line": 70,
          "column": 54
        }
      },
      "27": {
        "start": {
          "line": 70,
          "column": 8
        },
        "end": {
          "line": 70,
          "column": 54
        }
      }
    },
    "fnMap": {
      "0": {
        "name": "(anonymous_0)",
        "decl": {
          "start": {
            "line": 11,
            "column": 24
          },
          "end": {
            "line": 11,
            "column": 25
          }
        },
        "loc": {
          "start": {
            "line": 11,
            "column": 38
          },
          "end": {
            "line": 13,
            "column": 3
          }
        },
        "line": 11
      },
      "1": {
        "name": "Header",
        "decl": {
          "start": {
            "line": 27,
            "column": 24
          },
          "end": {
            "line": 27,
            "column": 30
          }
        },
        "loc": {
          "start": {
            "line": 27,
            "column": 33
          },
          "end": {
            "line": 50,
            "column": 1
          }
        },
        "line": 27
      },
      "2": {
        "name": "(anonymous_2)",
        "decl": {
          "start": {
            "line": 51,
            "column": 50
          },
          "end": {
            "line": 51,
            "column": 51
          }
        },
        "loc": {
          "start": {
            "line": 51,
            "column": 61
          },
          "end": {
            "line": 53,
            "column": 1
          }
        },
        "line": 51
      },
      "3": {
        "name": "(anonymous_3)",
        "decl": {
          "start": {
            "line": 63,
            "column": 9
          },
          "end": {
            "line": 63,
            "column": 10
          }
        },
        "loc": {
          "start": {
            "line": 63,
            "column": 29
          },
          "end": {
            "line": 72,
            "column": 3
          }
        },
        "line": 63
      },
      "4": {
        "name": "(anonymous_4)",
        "decl": {
          "start": {
            "line": 65,
            "column": 27
          },
          "end": {
            "line": 65,
            "column": 28
          }
        },
        "loc": {
          "start": {
            "line": 65,
            "column": 44
          },
          "end": {
            "line": 71,
            "column": 5
          }
        },
        "line": 65
      }
    },
    "branchMap": {
      "0": {
        "loc": {
          "start": {
            "line": 5,
            "column": 0
          },
          "end": {
            "line": 15,
            "column": 1
          }
        },
        "type": "if",
        "locations": [
          {
            "start": {
              "line": 5,
              "column": 0
            },
            "end": {
              "line": 15,
              "column": 1
            }
          },
          {
            "start": {},
            "end": {}
          }
        ],
        "line": 5
      },
      "1": {
        "loc": {
          "start": {
            "line": 6,
            "column": 2
          },
          "end": {
            "line": 8,
            "column": 3
          }
        },
        "type": "if",
        "locations": [
          {
            "start": {
              "line": 6,
              "column": 2
            },
            "end": {
              "line": 8,
              "column": 3
            }
          },
          {
            "start": {},
            "end": {}
          }
        ],
        "line": 6
      },
      "2": {
        "loc": {
          "start": {
            "line": 31,
            "column": 42
          },
          "end": {
            "line": 31,
            "column": 87
          }
        },
        "type": "binary-expr",
        "locations": [
          {
            "start": {
              "line": 31,
              "column": 42
            },
            "end": {
              "line": 31,
              "column": 67
            }
          },
          {
            "start": {
              "line": 31,
              "column": 71
            },
            "end": {
              "line": 31,
              "column": 87
            }
          }
        ],
        "line": 31
      },
      "3": {
        "loc": {
          "start": {
            "line": 57,
            "column": 0
          },
          "end": {
            "line": 73,
            "column": 1
          }
        },
        "type": "if",
        "locations": [
          {
            "start": {
              "line": 57,
              "column": 0
            },
            "end": {
              "line": 73,
              "column": 1
            }
          },
          {
            "start": {},
            "end": {}
          }
        ],
        "line": 57
      },
      "4": {
        "loc": {
          "start": {
            "line": 66,
            "column": 6
          },
          "end": {
            "line": 67,
            "column": 15
          }
        },
        "type": "if",
        "locations": [
          {
            "start": {
              "line": 66,
              "column": 6
            },
            "end": {
              "line": 67,
              "column": 15
            }
          },
          {
            "start": {},
            "end": {}
          }
        ],
        "line": 66
      },
      "5": {
        "loc": {
          "start": {
            "line": 69,
            "column": 6
          },
          "end": {
            "line": 70,
            "column": 54
          }
        },
        "type": "if",
        "locations": [
          {
            "start": {
              "line": 69,
              "column": 6
            },
            "end": {
              "line": 70,
              "column": 54
            }
          },
          {
            "start": {},
            "end": {}
          }
        ],
        "line": 69
      }
    },
    "s": {
      "0": 3,
      "1": 3,
      "2": 0,
      "3": 3,
      "4": 3,
      "5": 3,
      "6": 3,
      "7": 3,
      "8": 3,
      "9": 3,
      "10": 3,
      "11": 3,
      "12": 3,
      "13": 3,
      "14": 3,
      "15": 3,
      "16": 3,
      "17": 3,
      "18": 3,
      "19": 3,
      "20": 3,
      "21": 0,
      "22": 0,
      "23": 0,
      "24": 0,
      "25": 0,
      "26": 0,
      "27": 0
    },
    "f": {
      "0": 3,
      "1": 3,
      "2": 3,
      "3": 0,
      "4": 0
    },
    "b": {
      "0": [
        3,
        0
      ],
      "1": [
        0,
        3
      ],
      "2": [
        3,
        0
      ],
      "3": [
        3,
        0
      ],
      "4": [
        0,
        0
      ],
      "5": [
        0,
        0
      ]
    },
    "inputSourceMap": {
      "version": 3,
      "mappings": "AAkBQ;;;;;;;;;;;;;;;;AAjBR,SAASA,mBAAmB;AAC5B,SAASC,YAAY;AACrB,OAAO;AACP,OAAOC,sBAAsB;AAC7B,OAAOC,WAAW;AAElB,MAAMC,SAAsC;AAAA,EAC1C,CAACH,KAAKI,IAAI,GAAG;AAAA,EACb,CAACJ,KAAKK,KAAK,GAAG;AAAA,EACd,CAACL,KAAKM,KAAK,GAAG;AAChB;AAEA,wBAAwBC,SAAS;AAAAC;AAC/B,QAAMC,WAAWV,YAAW;AAC5B,SACE,uBAAC,YAAO,WAAU,UAChB,iCAAC,SAAI,WAAU,aACb;AAAA,2BAAC,SAAM,MAAMI,OAAOM,SAASC,QAAQ,KAAK,oBAA1C;AAAA;AAAA;AAAA;AAAA,WAA2D;AAAA,IAC3D,uBAAC,sBAAD;AAAA;AAAA;AAAA;AAAA,WAAiB;AAAA,OAFnB;AAAA;AAAA;AAAA;AAAA,SAGA,KAJF;AAAA;AAAA;AAAA;AAAA,SAKA;AAEJ;AAACF,GAVuBD,QAAM;AAAA,UACXR,WAAW;AAAA;AAAAY,KADNJ;AAAM;AAAAK",
      "names": [
        "useLocation",
        "PATH",
        "HeaderNavigation",
        "Titel",
        "TITLES",
        "MAIN",
        "ABOUT",
        "FORMS",
        "Header",
        "_s",
        "location",
        "pathname",
        "_c",
        "$RefreshReg$"
      ],
      "sources": [
        "C:/Users/m0rlo/RS_school/React/RSSchoolReact2023Q1/src/organisms/header/Header.tsx"
      ],
      "file": "C:/Users/m0rlo/RS_school/React/RSSchoolReact2023Q1/src/organisms/header/Header.tsx"
    },
    "_coverageSchema": "1a1c01bbd47fc00a2c39e90264f33305004495a9",
    "hash": "a6031609db1303a42ca80bfb1696b3cc19171b23"
  },
  "C:/Users/m0rlo/RS_school/React/RSSchoolReact2023Q1/src/components/Layout.tsx": {
    "path": "C:/Users/m0rlo/RS_school/React/RSSchoolReact2023Q1/src/components/Layout.tsx",
    "statementMap": {
      "0": {
        "start": {
          "line": 5,
          "column": 2
        },
        "end": {
          "line": 24,
          "column": 11
        }
      }
    },
    "fnMap": {
      "0": {
        "name": "(anonymous_0)",
        "decl": {
          "start": {
            "line": 4,
            "column": 15
          },
          "end": {
            "line": 4,
            "column": 16
          }
        },
        "loc": {
          "start": {
            "line": 4,
            "column": 26
          },
          "end": {
            "line": 25,
            "column": 1
          }
        },
        "line": 4
      }
    },
    "branchMap": {},
    "s": {
      "0": 3
    },
    "f": {
      "0": 3
    },
    "b": {},
    "inputSourceMap": {
      "version": 3,
      "mappings": "AAMI,mBACE,cADF;AALJ,SAASA,cAAc;AACvB,OAAOC,YAAY;AAEnB,0BAA2B;AACzB,SACE,mCACE;AAAA,2BAAC,YAAD;AAAA;AAAA;AAAA;AAAA,WAAO;AAAA,IACP,uBAAC,UACC,iCAAC,YAAD;AAAA;AAAA;AAAA;AAAA,WAAO,KADT;AAAA;AAAA;AAAA;AAAA,WAEA;AAAA,OAJF;AAAA;AAAA;AAAA;AAAA,SAKA;AAEJ",
      "names": [
        "Outlet",
        "Header"
      ],
      "sources": [
        "C:/Users/m0rlo/RS_school/React/RSSchoolReact2023Q1/src/components/Layout.tsx"
      ],
      "file": "C:/Users/m0rlo/RS_school/React/RSSchoolReact2023Q1/src/components/Layout.tsx"
    },
    "_coverageSchema": "1a1c01bbd47fc00a2c39e90264f33305004495a9",
    "hash": "b421056732f3febd00507b4a24bb5067b19d24b9"
  },
  "C:/Users/m0rlo/RS_school/React/RSSchoolReact2023Q1/src/pages/about/AboutPage.tsx": {
    "path": "C:/Users/m0rlo/RS_school/React/RSSchoolReact2023Q1/src/pages/about/AboutPage.tsx",
    "statementMap": {
      "0": {
        "start": {
          "line": 5,
          "column": 4
        },
        "end": {
          "line": 28,
          "column": 13
        }
      }
    },
    "fnMap": {
      "0": {
        "name": "(anonymous_0)",
        "decl": {
          "start": {
            "line": 4,
            "column": 2
          },
          "end": {
            "line": 4,
            "column": 3
          }
        },
        "loc": {
          "start": {
            "line": 4,
            "column": 11
          },
          "end": {
            "line": 29,
            "column": 3
          }
        },
        "line": 4
      }
    },
    "branchMap": {},
    "s": {
      "0": 0
    },
    "f": {
      "0": 0
    },
    "b": {},
    "inputSourceMap": {
      "version": 3,
      "mappings": "AAKM,mBAGM,cAHN;AALN,OAAOA,WAAW;AAElB,qBAAqBC,kBAAkBD,MAAME,UAAU;AAAA,EACrDC,SAAS;AACP,WACE,mCACE,iCAAC,SAAI,WAAU,cACb,iCAAC,SAAI,WAAU,aACb;AAAA,6BAAC,QAAG,wBAAJ;AAAA;AAAA;AAAA;AAAA,aAAY;AAAA,MACZ,uBAAC,OAAE,gCAAH;AAAA;AAAA;AAAA;AAAA,aAAmB;AAAA,SAFrB;AAAA;AAAA;AAAA;AAAA,WAGA,KAJF;AAAA;AAAA;AAAA;AAAA,WAKA,KANF;AAAA;AAAA;AAAA;AAAA,WAOA;AAAA,EAEJ;AACF",
      "names": [
        "React",
        "AboutPage",
        "Component",
        "render"
      ],
      "sources": [
        "C:/Users/m0rlo/RS_school/React/RSSchoolReact2023Q1/src/pages/about/AboutPage.tsx"
      ],
      "file": "C:/Users/m0rlo/RS_school/React/RSSchoolReact2023Q1/src/pages/about/AboutPage.tsx"
    },
    "_coverageSchema": "1a1c01bbd47fc00a2c39e90264f33305004495a9",
    "hash": "a583450df1a0cef9738c69106a8651993084d4b5"
  },
  "C:/Users/m0rlo/RS_school/React/RSSchoolReact2023Q1/src/atoms/button/Button.tsx": {
    "path": "C:/Users/m0rlo/RS_school/React/RSSchoolReact2023Q1/src/atoms/button/Button.tsx",
    "statementMap": {
      "0": {
        "start": {
          "line": 5,
          "column": 0
        },
        "end": {
          "line": 15,
          "column": 1
        }
      },
      "1": {
        "start": {
          "line": 6,
          "column": 2
        },
        "end": {
          "line": 8,
          "column": 3
        }
      },
      "2": {
        "start": {
          "line": 7,
          "column": 4
        },
        "end": {
          "line": 7,
          "column": 165
        }
      },
      "3": {
        "start": {
          "line": 9,
          "column": 2
        },
        "end": {
          "line": 9,
          "column": 39
        }
      },
      "4": {
        "start": {
          "line": 10,
          "column": 2
        },
        "end": {
          "line": 10,
          "column": 39
        }
      },
      "5": {
        "start": {
          "line": 11,
          "column": 2
        },
        "end": {
          "line": 13,
          "column": 4
        }
      },
      "6": {
        "start": {
          "line": 12,
          "column": 4
        },
        "end": {
          "line": 12,
          "column": 122
        }
      },
      "7": {
        "start": {
          "line": 14,
          "column": 2
        },
        "end": {
          "line": 14,
          "column": 75
        }
      },
      "8": {
        "start": {
          "line": 21,
          "column": 2
        },
        "end": {
          "line": 25,
          "column": 11
        }
      },
      "9": {
        "start": {
          "line": 27,
          "column": 0
        },
        "end": {
          "line": 27,
          "column": 18
        }
      },
      "10": {
        "start": {
          "line": 29,
          "column": 0
        },
        "end": {
          "line": 29,
          "column": 33
        }
      },
      "11": {
        "start": {
          "line": 30,
          "column": 0
        },
        "end": {
          "line": 46,
          "column": 1
        }
      },
      "12": {
        "start": {
          "line": 31,
          "column": 2
        },
        "end": {
          "line": 31,
          "column": 39
        }
      },
      "13": {
        "start": {
          "line": 32,
          "column": 2
        },
        "end": {
          "line": 32,
          "column": 39
        }
      },
      "14": {
        "start": {
          "line": 33,
          "column": 2
        },
        "end": {
          "line": 45,
          "column": 5
        }
      },
      "15": {
        "start": {
          "line": 37,
          "column": 4
        },
        "end": {
          "line": 37,
          "column": 148
        }
      },
      "16": {
        "start": {
          "line": 38,
          "column": 4
        },
        "end": {
          "line": 44,
          "column": 7
        }
      },
      "17": {
        "start": {
          "line": 39,
          "column": 6
        },
        "end": {
          "line": 40,
          "column": 15
        }
      },
      "18": {
        "start": {
          "line": 40,
          "column": 8
        },
        "end": {
          "line": 40,
          "column": 15
        }
      },
      "19": {
        "start": {
          "line": 41,
          "column": 32
        },
        "end": {
          "line": 41,
          "column": 115
        }
      },
      "20": {
        "start": {
          "line": 42,
          "column": 6
        },
        "end": {
          "line": 43,
          "column": 54
        }
      },
      "21": {
        "start": {
          "line": 43,
          "column": 8
        },
        "end": {
          "line": 43,
          "column": 54
        }
      }
    },
    "fnMap": {
      "0": {
        "name": "(anonymous_0)",
        "decl": {
          "start": {
            "line": 11,
            "column": 24
          },
          "end": {
            "line": 11,
            "column": 25
          }
        },
        "loc": {
          "start": {
            "line": 11,
            "column": 38
          },
          "end": {
            "line": 13,
            "column": 3
          }
        },
        "line": 11
      },
      "1": {
        "name": "SubmitButton",
        "decl": {
          "start": {
            "line": 17,
            "column": 16
          },
          "end": {
            "line": 17,
            "column": 28
          }
        },
        "loc": {
          "start": {
            "line": 20,
            "column": 3
          },
          "end": {
            "line": 26,
            "column": 1
          }
        },
        "line": 20
      },
      "2": {
        "name": "(anonymous_2)",
        "decl": {
          "start": {
            "line": 36,
            "column": 9
          },
          "end": {
            "line": 36,
            "column": 10
          }
        },
        "loc": {
          "start": {
            "line": 36,
            "column": 29
          },
          "end": {
            "line": 45,
            "column": 3
          }
        },
        "line": 36
      },
      "3": {
        "name": "(anonymous_3)",
        "decl": {
          "start": {
            "line": 38,
            "column": 27
          },
          "end": {
            "line": 38,
            "column": 28
          }
        },
        "loc": {
          "start": {
            "line": 38,
            "column": 44
          },
          "end": {
            "line": 44,
            "column": 5
          }
        },
        "line": 38
      }
    },
    "branchMap": {
      "0": {
        "loc": {
          "start": {
            "line": 5,
            "column": 0
          },
          "end": {
            "line": 15,
            "column": 1
          }
        },
        "type": "if",
        "locations": [
          {
            "start": {
              "line": 5,
              "column": 0
            },
            "end": {
              "line": 15,
              "column": 1
            }
          },
          {
            "start": {},
            "end": {}
          }
        ],
        "line": 5
      },
      "1": {
        "loc": {
          "start": {
            "line": 6,
            "column": 2
          },
          "end": {
            "line": 8,
            "column": 3
          }
        },
        "type": "if",
        "locations": [
          {
            "start": {
              "line": 6,
              "column": 2
            },
            "end": {
              "line": 8,
              "column": 3
            }
          },
          {
            "start": {},
            "end": {}
          }
        ],
        "line": 6
      },
      "2": {
        "loc": {
          "start": {
            "line": 30,
            "column": 0
          },
          "end": {
            "line": 46,
            "column": 1
          }
        },
        "type": "if",
        "locations": [
          {
            "start": {
              "line": 30,
              "column": 0
            },
            "end": {
              "line": 46,
              "column": 1
            }
          },
          {
            "start": {},
            "end": {}
          }
        ],
        "line": 30
      },
      "3": {
        "loc": {
          "start": {
            "line": 39,
            "column": 6
          },
          "end": {
            "line": 40,
            "column": 15
          }
        },
        "type": "if",
        "locations": [
          {
            "start": {
              "line": 39,
              "column": 6
            },
            "end": {
              "line": 40,
              "column": 15
            }
          },
          {
            "start": {},
            "end": {}
          }
        ],
        "line": 39
      },
      "4": {
        "loc": {
          "start": {
            "line": 42,
            "column": 6
          },
          "end": {
            "line": 43,
            "column": 54
          }
        },
        "type": "if",
        "locations": [
          {
            "start": {
              "line": 42,
              "column": 6
            },
            "end": {
              "line": 43,
              "column": 54
            }
          },
          {
            "start": {},
            "end": {}
          }
        ],
        "line": 42
      }
    },
    "s": {
      "0": 3,
      "1": 3,
      "2": 0,
      "3": 3,
      "4": 3,
      "5": 3,
      "6": 3,
      "7": 3,
      "8": 3,
      "9": 3,
      "10": 3,
      "11": 3,
      "12": 3,
      "13": 3,
      "14": 3,
      "15": 0,
      "16": 0,
      "17": 0,
      "18": 0,
      "19": 0,
      "20": 0,
      "21": 0
    },
    "f": {
      "0": 3,
      "1": 3,
      "2": 0,
      "3": 0
    },
    "b": {
      "0": [
        3,
        0
      ],
      "1": [
        0,
        3
      ],
      "2": [
        3,
        0
      ],
      "3": [
        0,
        0
      ],
      "4": [
        0,
        0
      ]
    },
    "inputSourceMap": {
      "version": 3,
      "mappings": "AASS;AATT,OAAOA,oBAAkB;AAAA;AAAA;AAAA;AAAA;AAAA;AAAA;AAAA;AAAA;AAAA;AAAA;AAAA;AAAA;AAAA;AACzB,OAAO;AAOA,gBAASC,aAAa;AAAA,EAAEC;AAAAA,EAAMC;AAAyB,GAAG;AAC/D,SAAO,uBAAC,WAAM,MAAK,UAAS,WAAsB,OAAOD,QAAlD;AAAA;AAAA;AAAA;AAAA,SAAuD;AAChE;AAACE,KAFeH;AAAY;AAAAI",
      "names": [
        "React",
        "SubmitButton",
        "text",
        "className",
        "_c",
        "$RefreshReg$"
      ],
      "sources": [
        "C:/Users/m0rlo/RS_school/React/RSSchoolReact2023Q1/src/atoms/button/Button.tsx"
      ],
      "file": "C:/Users/m0rlo/RS_school/React/RSSchoolReact2023Q1/src/atoms/button/Button.tsx"
    },
    "_coverageSchema": "1a1c01bbd47fc00a2c39e90264f33305004495a9",
    "hash": "05408f334dd4bbdeab49f2dc5978026995f17b2a"
  },
  "C:/Users/m0rlo/RS_school/React/RSSchoolReact2023Q1/src/store/hooks/hooks.ts": {
    "path": "C:/Users/m0rlo/RS_school/React/RSSchoolReact2023Q1/src/store/hooks/hooks.ts",
    "statementMap": {
      "0": {
        "start": {
          "line": 2,
          "column": 23
        },
        "end": {
          "line": 2,
          "column": 34
        }
      },
      "1": {
        "start": {
          "line": 3,
          "column": 23
        },
        "end": {
          "line": 3,
          "column": 34
        }
      }
    },
    "fnMap": {},
    "branchMap": {},
    "s": {
      "0": 3,
      "1": 3
    },
    "f": {},
    "b": {},
    "inputSourceMap": {
      "version": 3,
      "sources": [
        "C:/Users/m0rlo/RS_school/React/RSSchoolReact2023Q1/src/store/hooks/hooks.ts"
      ],
      "mappings": "AAAA,SAAS,aAAa,mBAAmB;AAIzC,MAAM,iBAAoC;AAC1C,MAAM,iBAAkD;AAExD,SAAS,gBAAgB;",
      "names": []
    },
    "_coverageSchema": "1a1c01bbd47fc00a2c39e90264f33305004495a9",
    "hash": "212893251d544eb7ae8c22fef1fd167a02c5b7b3"
  },
  "C:/Users/m0rlo/RS_school/React/RSSchoolReact2023Q1/src/store/redusers/mainSearchSlice.ts": {
    "path": "C:/Users/m0rlo/RS_school/React/RSSchoolReact2023Q1/src/store/redusers/mainSearchSlice.ts",
    "statementMap": {
      "0": {
        "start": {
          "line": 2,
          "column": 21
        },
        "end": {
          "line": 4,
          "column": 1
        }
      },
      "1": {
        "start": {
          "line": 5,
          "column": 24
        },
        "end": {
          "line": 13,
          "column": 2
        }
      },
      "2": {
        "start": {
          "line": 10,
          "column": 6
        },
        "end": {
          "line": 10,
          "column": 41
        }
      },
      "3": {
        "start": {
          "line": 14,
          "column": 26
        },
        "end": {
          "line": 14,
          "column": 70
        }
      },
      "4": {
        "start": {
          "line": 14,
          "column": 37
        },
        "end": {
          "line": 14,
          "column": 70
        }
      }
    },
    "fnMap": {
      "0": {
        "name": "(anonymous_0)",
        "decl": {
          "start": {
            "line": 9,
            "column": 20
          },
          "end": {
            "line": 9,
            "column": 21
          }
        },
        "loc": {
          "start": {
            "line": 9,
            "column": 39
          },
          "end": {
            "line": 11,
            "column": 5
          }
        },
        "line": 9
      },
      "1": {
        "name": "(anonymous_1)",
        "decl": {
          "start": {
            "line": 14,
            "column": 26
          },
          "end": {
            "line": 14,
            "column": 27
          }
        },
        "loc": {
          "start": {
            "line": 14,
            "column": 37
          },
          "end": {
            "line": 14,
            "column": 70
          }
        },
        "line": 14
      }
    },
    "branchMap": {},
    "s": {
      "0": 3,
      "1": 3,
      "2": 0,
      "3": 3,
      "4": 0
    },
    "f": {
      "0": 0,
      "1": 0
    },
    "b": {},
    "inputSourceMap": {
      "version": 3,
      "sources": [
        "C:/Users/m0rlo/RS_school/React/RSSchoolReact2023Q1/src/store/redusers/mainSearchSlice.ts"
      ],
      "mappings": "AAAA,SAAS,mBAAmB;AAQ5B,MAAM,eAAgC;AAAA,EACpC,aAAa;AACf;AAEA,MAAM,kBAAkB,YAAY;AAAA,EAClC,MAAM;AAAA,EACN;AAAA,EACA,UAAU;AAAA,IACR,gBAAgB,CAAC,OAAO,WAAkC;AACxD,YAAM,cAAc,OAAO;AAAA,IAC7B;AAAA,EACF;AACF,CAAC;AAED,MAAM,oBAAoB,CAAC,UAAqB,MAAM,gBAAgB;AAEtE,eAAe,gBAAgB;AAC/B,SAAS,mBAAmB;",
      "names": []
    },
    "_coverageSchema": "1a1c01bbd47fc00a2c39e90264f33305004495a9",
    "hash": "d7b4bdfe94a3d348d313a7047a229788d5ea0649"
  },
  "C:/Users/m0rlo/RS_school/React/RSSchoolReact2023Q1/src/organisms/searchBar/SearchBar.tsx": {
    "path": "C:/Users/m0rlo/RS_school/React/RSSchoolReact2023Q1/src/organisms/searchBar/SearchBar.tsx",
    "statementMap": {
      "0": {
        "start": {
          "line": 5,
          "column": 0
        },
        "end": {
          "line": 15,
          "column": 1
        }
      },
      "1": {
        "start": {
          "line": 6,
          "column": 2
        },
        "end": {
          "line": 8,
          "column": 3
        }
      },
      "2": {
        "start": {
          "line": 7,
          "column": 4
        },
        "end": {
          "line": 7,
          "column": 165
        }
      },
      "3": {
        "start": {
          "line": 9,
          "column": 2
        },
        "end": {
          "line": 9,
          "column": 39
        }
      },
      "4": {
        "start": {
          "line": 10,
          "column": 2
        },
        "end": {
          "line": 10,
          "column": 39
        }
      },
      "5": {
        "start": {
          "line": 11,
          "column": 2
        },
        "end": {
          "line": 13,
          "column": 4
        }
      },
      "6": {
        "start": {
          "line": 12,
          "column": 4
        },
        "end": {
          "line": 12,
          "column": 132
        }
      },
      "7": {
        "start": {
          "line": 14,
          "column": 2
        },
        "end": {
          "line": 14,
          "column": 75
        }
      },
      "8": {
        "start": {
          "line": 16,
          "column": 9
        },
        "end": {
          "line": 16,
          "column": 23
        }
      },
      "9": {
        "start": {
          "line": 23,
          "column": 2
        },
        "end": {
          "line": 23,
          "column": 7
        }
      },
      "10": {
        "start": {
          "line": 24,
          "column": 19
        },
        "end": {
          "line": 24,
          "column": 35
        }
      },
      "11": {
        "start": {
          "line": 27,
          "column": 6
        },
        "end": {
          "line": 27,
          "column": 29
        }
      },
      "12": {
        "start": {
          "line": 30,
          "column": 6
        },
        "end": {
          "line": 30,
          "column": 54
        }
      },
      "13": {
        "start": {
          "line": 30,
          "column": 32
        },
        "end": {
          "line": 30,
          "column": 53
        }
      },
      "14": {
        "start": {
          "line": 34,
          "column": 6
        },
        "end": {
          "line": 34,
          "column": 15
        }
      },
      "15": {
        "start": {
          "line": 35,
          "column": 19
        },
        "end": {
          "line": 37,
          "column": 3
        }
      },
      "16": {
        "start": {
          "line": 36,
          "column": 4
        },
        "end": {
          "line": 36,
          "column": 47
        }
      },
      "17": {
        "start": {
          "line": 38,
          "column": 2
        },
        "end": {
          "line": 53,
          "column": 11
        }
      },
      "18": {
        "start": {
          "line": 55,
          "column": 0
        },
        "end": {
          "line": 57,
          "column": 3
        }
      },
      "19": {
        "start": {
          "line": 56,
          "column": 2
        },
        "end": {
          "line": 56,
          "column": 51
        }
      },
      "20": {
        "start": {
          "line": 58,
          "column": 0
        },
        "end": {
          "line": 58,
          "column": 16
        }
      },
      "21": {
        "start": {
          "line": 60,
          "column": 0
        },
        "end": {
          "line": 60,
          "column": 31
        }
      },
      "22": {
        "start": {
          "line": 61,
          "column": 0
        },
        "end": {
          "line": 77,
          "column": 1
        }
      },
      "23": {
        "start": {
          "line": 62,
          "column": 2
        },
        "end": {
          "line": 62,
          "column": 39
        }
      },
      "24": {
        "start": {
          "line": 63,
          "column": 2
        },
        "end": {
          "line": 63,
          "column": 39
        }
      },
      "25": {
        "start": {
          "line": 64,
          "column": 2
        },
        "end": {
          "line": 76,
          "column": 5
        }
      },
      "26": {
        "start": {
          "line": 68,
          "column": 4
        },
        "end": {
          "line": 68,
          "column": 158
        }
      },
      "27": {
        "start": {
          "line": 69,
          "column": 4
        },
        "end": {
          "line": 75,
          "column": 7
        }
      },
      "28": {
        "start": {
          "line": 70,
          "column": 6
        },
        "end": {
          "line": 71,
          "column": 15
        }
      },
      "29": {
        "start": {
          "line": 71,
          "column": 8
        },
        "end": {
          "line": 71,
          "column": 15
        }
      },
      "30": {
        "start": {
          "line": 72,
          "column": 32
        },
        "end": {
          "line": 72,
          "column": 115
        }
      },
      "31": {
        "start": {
          "line": 73,
          "column": 6
        },
        "end": {
          "line": 74,
          "column": 54
        }
      },
      "32": {
        "start": {
          "line": 74,
          "column": 8
        },
        "end": {
          "line": 74,
          "column": 54
        }
      }
    },
    "fnMap": {
      "0": {
        "name": "(anonymous_0)",
        "decl": {
          "start": {
            "line": 11,
            "column": 24
          },
          "end": {
            "line": 11,
            "column": 25
          }
        },
        "loc": {
          "start": {
            "line": 11,
            "column": 38
          },
          "end": {
            "line": 13,
            "column": 3
          }
        },
        "line": 11
      },
      "1": {
        "name": "SearchForm",
        "decl": {
          "start": {
            "line": 22,
            "column": 24
          },
          "end": {
            "line": 22,
            "column": 34
          }
        },
        "loc": {
          "start": {
            "line": 22,
            "column": 37
          },
          "end": {
            "line": 54,
            "column": 1
          }
        },
        "line": 22
      },
      "2": {
        "name": "(anonymous_2)",
        "decl": {
          "start": {
            "line": 30,
            "column": 21
          },
          "end": {
            "line": 30,
            "column": 22
          }
        },
        "loc": {
          "start": {
            "line": 30,
            "column": 32
          },
          "end": {
            "line": 30,
            "column": 53
          }
        },
        "line": 30
      },
      "3": {
        "name": "(anonymous_3)",
        "decl": {
          "start": {
            "line": 35,
            "column": 19
          },
          "end": {
            "line": 35,
            "column": 20
          }
        },
        "loc": {
          "start": {
            "line": 35,
            "column": 29
          },
          "end": {
            "line": 37,
            "column": 3
          }
        },
        "line": 35
      },
      "4": {
        "name": "(anonymous_4)",
        "decl": {
          "start": {
            "line": 55,
            "column": 54
          },
          "end": {
            "line": 55,
            "column": 55
          }
        },
        "loc": {
          "start": {
            "line": 55,
            "column": 65
          },
          "end": {
            "line": 57,
            "column": 1
          }
        },
        "line": 55
      },
      "5": {
        "name": "(anonymous_5)",
        "decl": {
          "start": {
            "line": 67,
            "column": 9
          },
          "end": {
            "line": 67,
            "column": 10
          }
        },
        "loc": {
          "start": {
            "line": 67,
            "column": 29
          },
          "end": {
            "line": 76,
            "column": 3
          }
        },
        "line": 67
      },
      "6": {
        "name": "(anonymous_6)",
        "decl": {
          "start": {
            "line": 69,
            "column": 27
          },
          "end": {
            "line": 69,
            "column": 28
          }
        },
        "loc": {
          "start": {
            "line": 69,
            "column": 44
          },
          "end": {
            "line": 75,
            "column": 5
          }
        },
        "line": 69
      }
    },
    "branchMap": {
      "0": {
        "loc": {
          "start": {
            "line": 5,
            "column": 0
          },
          "end": {
            "line": 15,
            "column": 1
          }
        },
        "type": "if",
        "locations": [
          {
            "start": {
              "line": 5,
              "column": 0
            },
            "end": {
              "line": 15,
              "column": 1
            }
          },
          {
            "start": {},
            "end": {}
          }
        ],
        "line": 5
      },
      "1": {
        "loc": {
          "start": {
            "line": 6,
            "column": 2
          },
          "end": {
            "line": 8,
            "column": 3
          }
        },
        "type": "if",
        "locations": [
          {
            "start": {
              "line": 6,
              "column": 2
            },
            "end": {
              "line": 8,
              "column": 3
            }
          },
          {
            "start": {},
            "end": {}
          }
        ],
        "line": 6
      },
      "2": {
        "loc": {
          "start": {
            "line": 61,
            "column": 0
          },
          "end": {
            "line": 77,
            "column": 1
          }
        },
        "type": "if",
        "locations": [
          {
            "start": {
              "line": 61,
              "column": 0
            },
            "end": {
              "line": 77,
              "column": 1
            }
          },
          {
            "start": {},
            "end": {}
          }
        ],
        "line": 61
      },
      "3": {
        "loc": {
          "start": {
            "line": 70,
            "column": 6
          },
          "end": {
            "line": 71,
            "column": 15
          }
        },
        "type": "if",
        "locations": [
          {
            "start": {
              "line": 70,
              "column": 6
            },
            "end": {
              "line": 71,
              "column": 15
            }
          },
          {
            "start": {},
            "end": {}
          }
        ],
        "line": 70
      },
      "4": {
        "loc": {
          "start": {
            "line": 73,
            "column": 6
          },
          "end": {
            "line": 74,
            "column": 54
          }
        },
        "type": "if",
        "locations": [
          {
            "start": {
              "line": 73,
              "column": 6
            },
            "end": {
              "line": 74,
              "column": 54
            }
          },
          {
            "start": {},
            "end": {}
          }
        ],
        "line": 73
      }
    },
    "s": {
      "0": 3,
      "1": 3,
      "2": 0,
      "3": 3,
      "4": 3,
      "5": 3,
      "6": 3,
      "7": 3,
      "8": 3,
      "9": 1,
      "10": 1,
      "11": 1,
      "12": 1,
      "13": 1,
      "14": 1,
      "15": 1,
      "16": 0,
      "17": 1,
      "18": 3,
      "19": 1,
      "20": 3,
      "21": 3,
      "22": 3,
      "23": 3,
      "24": 3,
      "25": 3,
      "26": 0,
      "27": 0,
      "28": 0,
      "29": 0,
      "30": 0,
      "31": 0,
      "32": 0
    },
    "f": {
      "0": 3,
      "1": 1,
      "2": 1,
      "3": 0,
      "4": 1,
      "5": 0,
      "6": 0
    },
    "b": {
      "0": [
        3,
        0
      ],
      "1": [
        0,
        3
      ],
      "2": [
        3,
        0
      ],
      "3": [
        0,
        0
      ],
      "4": [
        0,
        0
      ]
    },
    "inputSourceMap": {
      "version": 3,
      "mappings": "AAuBM;;;;;;;;;;;;;;;;AAtBN,SAASA,eAA8B;AACvC,SAASC,oBAAoB;AAC7B,OAAO;AACP,SAASC,gBAAgBC,sBAAsB;AAC/C,SAASC,uBAAuB;AAMhC,wBAAwBC,aAAa;AAAAC;AACnC,QAAMC,WAAWL,eAAc;AAC/B,QAAM;AAAA,IAAEM;AAAAA,EAAe,IAAIJ,gBAAgBK;AAC3C,QAAM;AAAA,IAAEC;AAAAA,EAAY,IAAIP,eAAgBQ,WAAUA,MAAMC,eAAe;AAEvE,QAAM;AAAA,IAAEC;AAAAA,IAAUC;AAAAA,EAAa,IAAId,QAAgB;AAEnD,QAAMe,WAAoCC,UAAS;AACjDT,aAASC,eAAeQ,KAAKC,WAAW,CAAC;AAAA,EAC3C;AACA,SACE,uBAAC,UAAK,WAAU,eAAc,UAAUH,aAAaC,QAAQ,GAC3D;AAAA,2BAAC,WACC,MAAK,UACL,WAAU,cACV,cAAcL,aACd,GAAIG,SAAS,aAAa,KAJ5B;AAAA;AAAA;AAAA;AAAA,WAI8B;AAAA,IAE9B,uBAAC,gBAAa,WAAU,iBAAgB,MAAK,YAA7C;AAAA;AAAA;AAAA;AAAA,WAAqD;AAAA,OAPvD;AAAA;AAAA;AAAA;AAAA,SAQA;AAEJ;AAACP,GArBuBD,YAAU;AAAA,UACfH,gBAEOC,gBAEWH,OAAO;AAAA;AAAAkB,KALpBb;AAAU;AAAAc",
      "names": [
        "useForm",
        "SubmitButton",
        "useAppDispatch",
        "useAppSelector",
        "mainSearchSlice",
        "SearchForm",
        "_s",
        "dispatch",
        "setSeatchValue",
        "actions",
        "searchValue",
        "state",
        "mainSearchValue",
        "register",
        "handleSubmit",
        "onSubmit",
        "data",
        "searchvalue",
        "_c",
        "$RefreshReg$"
      ],
      "sources": [
        "C:/Users/m0rlo/RS_school/React/RSSchoolReact2023Q1/src/organisms/searchBar/SearchBar.tsx"
      ],
      "file": "C:/Users/m0rlo/RS_school/React/RSSchoolReact2023Q1/src/organisms/searchBar/SearchBar.tsx"
    },
    "_coverageSchema": "1a1c01bbd47fc00a2c39e90264f33305004495a9",
    "hash": "4a47f9e346b958c220ec07866132bd7227ecf805"
  },
  "C:/Users/m0rlo/RS_school/React/RSSchoolReact2023Q1/src/templates/Modal/Modal.tsx": {
    "path": "C:/Users/m0rlo/RS_school/React/RSSchoolReact2023Q1/src/templates/Modal/Modal.tsx",
    "statementMap": {
      "0": {
        "start": {
          "line": 5,
          "column": 0
        },
        "end": {
          "line": 15,
          "column": 1
        }
      },
      "1": {
        "start": {
          "line": 6,
          "column": 2
        },
        "end": {
          "line": 8,
          "column": 3
        }
      },
      "2": {
        "start": {
          "line": 7,
          "column": 4
        },
        "end": {
          "line": 7,
          "column": 165
        }
      },
      "3": {
        "start": {
          "line": 9,
          "column": 2
        },
        "end": {
          "line": 9,
          "column": 39
        }
      },
      "4": {
        "start": {
          "line": 10,
          "column": 2
        },
        "end": {
          "line": 10,
          "column": 39
        }
      },
      "5": {
        "start": {
          "line": 11,
          "column": 2
        },
        "end": {
          "line": 13,
          "column": 4
        }
      },
      "6": {
        "start": {
          "line": 12,
          "column": 4
        },
        "end": {
          "line": 12,
          "column": 124
        }
      },
      "7": {
        "start": {
          "line": 14,
          "column": 2
        },
        "end": {
          "line": 14,
          "column": 75
        }
      },
      "8": {
        "start": {
          "line": 22,
          "column": 2
        },
        "end": {
          "line": 39,
          "column": 27
        }
      },
      "9": {
        "start": {
          "line": 23,
          "column": 4
        },
        "end": {
          "line": 23,
          "column": 24
        }
      },
      "10": {
        "start": {
          "line": 41,
          "column": 0
        },
        "end": {
          "line": 41,
          "column": 15
        }
      },
      "11": {
        "start": {
          "line": 43,
          "column": 0
        },
        "end": {
          "line": 43,
          "column": 30
        }
      },
      "12": {
        "start": {
          "line": 44,
          "column": 0
        },
        "end": {
          "line": 60,
          "column": 1
        }
      },
      "13": {
        "start": {
          "line": 45,
          "column": 2
        },
        "end": {
          "line": 45,
          "column": 39
        }
      },
      "14": {
        "start": {
          "line": 46,
          "column": 2
        },
        "end": {
          "line": 46,
          "column": 39
        }
      },
      "15": {
        "start": {
          "line": 47,
          "column": 2
        },
        "end": {
          "line": 59,
          "column": 5
        }
      },
      "16": {
        "start": {
          "line": 51,
          "column": 4
        },
        "end": {
          "line": 51,
          "column": 150
        }
      },
      "17": {
        "start": {
          "line": 52,
          "column": 4
        },
        "end": {
          "line": 58,
          "column": 7
        }
      },
      "18": {
        "start": {
          "line": 53,
          "column": 6
        },
        "end": {
          "line": 54,
          "column": 15
        }
      },
      "19": {
        "start": {
          "line": 54,
          "column": 8
        },
        "end": {
          "line": 54,
          "column": 15
        }
      },
      "20": {
        "start": {
          "line": 55,
          "column": 32
        },
        "end": {
          "line": 55,
          "column": 115
        }
      },
      "21": {
        "start": {
          "line": 56,
          "column": 6
        },
        "end": {
          "line": 57,
          "column": 54
        }
      },
      "22": {
        "start": {
          "line": 57,
          "column": 8
        },
        "end": {
          "line": 57,
          "column": 54
        }
      }
    },
    "fnMap": {
      "0": {
        "name": "(anonymous_0)",
        "decl": {
          "start": {
            "line": 11,
            "column": 24
          },
          "end": {
            "line": 11,
            "column": 25
          }
        },
        "loc": {
          "start": {
            "line": 11,
            "column": 38
          },
          "end": {
            "line": 13,
            "column": 3
          }
        },
        "line": 11
      },
      "1": {
        "name": "CardModal",
        "decl": {
          "start": {
            "line": 18,
            "column": 24
          },
          "end": {
            "line": 18,
            "column": 33
          }
        },
        "loc": {
          "start": {
            "line": 21,
            "column": 3
          },
          "end": {
            "line": 40,
            "column": 1
          }
        },
        "line": 21
      },
      "2": {
        "name": "(anonymous_2)",
        "decl": {
          "start": {
            "line": 22,
            "column": 201
          },
          "end": {
            "line": 22,
            "column": 202
          }
        },
        "loc": {
          "start": {
            "line": 22,
            "column": 208
          },
          "end": {
            "line": 24,
            "column": 3
          }
        },
        "line": 22
      },
      "3": {
        "name": "(anonymous_3)",
        "decl": {
          "start": {
            "line": 50,
            "column": 9
          },
          "end": {
            "line": 50,
            "column": 10
          }
        },
        "loc": {
          "start": {
            "line": 50,
            "column": 29
          },
          "end": {
            "line": 59,
            "column": 3
          }
        },
        "line": 50
      },
      "4": {
        "name": "(anonymous_4)",
        "decl": {
          "start": {
            "line": 52,
            "column": 27
          },
          "end": {
            "line": 52,
            "column": 28
          }
        },
        "loc": {
          "start": {
            "line": 52,
            "column": 44
          },
          "end": {
            "line": 58,
            "column": 5
          }
        },
        "line": 52
      }
    },
    "branchMap": {
      "0": {
        "loc": {
          "start": {
            "line": 5,
            "column": 0
          },
          "end": {
            "line": 15,
            "column": 1
          }
        },
        "type": "if",
        "locations": [
          {
            "start": {
              "line": 5,
              "column": 0
            },
            "end": {
              "line": 15,
              "column": 1
            }
          },
          {
            "start": {},
            "end": {}
          }
        ],
        "line": 5
      },
      "1": {
        "loc": {
          "start": {
            "line": 6,
            "column": 2
          },
          "end": {
            "line": 8,
            "column": 3
          }
        },
        "type": "if",
        "locations": [
          {
            "start": {
              "line": 6,
              "column": 2
            },
            "end": {
              "line": 8,
              "column": 3
            }
          },
          {
            "start": {},
            "end": {}
          }
        ],
        "line": 6
      },
      "2": {
        "loc": {
          "start": {
            "line": 44,
            "column": 0
          },
          "end": {
            "line": 60,
            "column": 1
          }
        },
        "type": "if",
        "locations": [
          {
            "start": {
              "line": 44,
              "column": 0
            },
            "end": {
              "line": 60,
              "column": 1
            }
          },
          {
            "start": {},
            "end": {}
          }
        ],
        "line": 44
      },
      "3": {
        "loc": {
          "start": {
            "line": 53,
            "column": 6
          },
          "end": {
            "line": 54,
            "column": 15
          }
        },
        "type": "if",
        "locations": [
          {
            "start": {
              "line": 53,
              "column": 6
            },
            "end": {
              "line": 54,
              "column": 15
            }
          },
          {
            "start": {},
            "end": {}
          }
        ],
        "line": 53
      },
      "4": {
        "loc": {
          "start": {
            "line": 56,
            "column": 6
          },
          "end": {
            "line": 57,
            "column": 54
          }
        },
        "type": "if",
        "locations": [
          {
            "start": {
              "line": 56,
              "column": 6
            },
            "end": {
              "line": 57,
              "column": 54
            }
          },
          {
            "start": {},
            "end": {}
          }
        ],
        "line": 56
      }
    },
    "s": {
      "0": 3,
      "1": 3,
      "2": 0,
      "3": 3,
      "4": 3,
      "5": 3,
      "6": 3,
      "7": 3,
      "8": 0,
      "9": 0,
      "10": 3,
      "11": 3,
      "12": 3,
      "13": 3,
      "14": 3,
      "15": 3,
      "16": 0,
      "17": 0,
      "18": 0,
      "19": 0,
      "20": 0,
      "21": 0,
      "22": 0
    },
    "f": {
      "0": 3,
      "1": 0,
      "2": 0,
      "3": 0,
      "4": 0
    },
    "b": {
      "0": [
        3,
        0
      ],
      "1": [
        0,
        3
      ],
      "2": [
        3,
        0
      ],
      "3": [
        0,
        0
      ],
      "4": [
        0,
        0
      ]
    },
    "inputSourceMap": {
      "version": 3,
      "mappings": "AAkBQ;AAlBR,OAAOA,oBAAkB;AAAA;AAAA;AAAA;AAAA;AAAA;AAAA;AAAA;AAAA;AAAA;AAAA;AAAA;AAAA;AAAA;AACzB,OAAOC,cAAc;AACrB,OAAO;AAOP,wBAAwBC,UAAU;AAAA,EAAEC;AAAAA,EAAUC;AAAqB,GAAG;AACpE,SAAOH,SAASI,aACd,uBAAC,SAAI,WAAU,sBAAqB,SAASD,UAC3C,iCAAC,SACC,WAAU,wBACV,SAAUE,OAAM;AACdA,MAAEC,gBAAe;AAAA,EACnB,GAEA;AAAA,2BAAC,UAAK,WAAU,gBAAe,SAASH,UAAS,iBAAjD;AAAA;AAAA;AAAA;AAAA,WAEA;AAAA,IACCD;AAAAA,OATH;AAAA;AAAA;AAAA;AAAA,SAUA,KAXF;AAAA;AAAA;AAAA;AAAA,SAYA,GACAK,SAASC,IAAI;AAEjB;AAACC,KAjBuBR;AAAS;AAAAS",
      "names": [
        "React",
        "ReactDOM",
        "CardModal",
        "children",
        "callback",
        "createPortal",
        "e",
        "stopPropagation",
        "document",
        "body",
        "_c",
        "$RefreshReg$"
      ],
      "sources": [
        "C:/Users/m0rlo/RS_school/React/RSSchoolReact2023Q1/src/templates/Modal/Modal.tsx"
      ],
      "file": "C:/Users/m0rlo/RS_school/React/RSSchoolReact2023Q1/src/templates/Modal/Modal.tsx"
    },
    "_coverageSchema": "1a1c01bbd47fc00a2c39e90264f33305004495a9",
    "hash": "358c7a0daaeb76afe1a4691accc8ccd08aeca363"
  },
  "C:/Users/m0rlo/RS_school/React/RSSchoolReact2023Q1/src/molecules/basicCard/BasicCard.tsx": {
    "path": "C:/Users/m0rlo/RS_school/React/RSSchoolReact2023Q1/src/molecules/basicCard/BasicCard.tsx",
    "statementMap": {
      "0": {
        "start": {
          "line": 5,
          "column": 0
        },
        "end": {
          "line": 15,
          "column": 1
        }
      },
      "1": {
        "start": {
          "line": 6,
          "column": 2
        },
        "end": {
          "line": 8,
          "column": 3
        }
      },
      "2": {
        "start": {
          "line": 7,
          "column": 4
        },
        "end": {
          "line": 7,
          "column": 165
        }
      },
      "3": {
        "start": {
          "line": 9,
          "column": 2
        },
        "end": {
          "line": 9,
          "column": 39
        }
      },
      "4": {
        "start": {
          "line": 10,
          "column": 2
        },
[...]
        "start": {
          "line": 6,
          "column": 2
        },
        "end": {
          "line": 8,
          "column": 3
        }
      },
      "2": {
        "start": {
          "line": 7,
          "column": 4
        },
        "end": {
          "line": 7,
          "column": 165
        }
      },
      "3": {
        "start": {
          "line": 9,
          "column": 2
        },
        "end": {
          "line": 9,
          "column": 39
        }
      },
      "4": {
        "start": {
          "line": 10,
          "column": 2
        },
        "end": {
          "line": 10,
          "column": 39
        }
      },
      "5": {
        "start": {
          "line": 11,
          "column": 2
        },
        "end": {
          "line": 13,
          "column": 4
        }
      },
      "6": {
        "start": {
          "line": 12,
          "column": 4
        },
        "end": {
          "line": 12,
          "column": 121
        }
      },
      "7": {
        "start": {
          "line": 14,
          "column": 2
        },
        "end": {
          "line": 14,
          "column": 75
        }
      },
      "8": {
        "start": {
          "line": 19,
          "column": 2
        },
        "end": {
          "line": 70,
          "column": 11
        }
      },
      "9": {
        "start": {
          "line": 72,
          "column": 0
        },
        "end": {
          "line": 72,
          "column": 9
        }
      },
      "10": {
        "start": {
          "line": 75,
          "column": 0
        },
        "end": {
          "line": 75,
          "column": 24
        }
      },
      "11": {
        "start": {
          "line": 76,
          "column": 0
        },
        "end": {
          "line": 92,
          "column": 1
        }
      },
      "12": {
        "start": {
          "line": 77,
          "column": 2
        },
        "end": {
          "line": 77,
          "column": 39
        }
      },
      "13": {
        "start": {
          "line": 78,
          "column": 2
        },
        "end": {
          "line": 78,
          "column": 39
        }
      },
      "14": {
        "start": {
          "line": 79,
          "column": 2
        },
        "end": {
          "line": 91,
          "column": 5
        }
      },
      "15": {
        "start": {
          "line": 83,
          "column": 4
        },
        "end": {
          "line": 83,
          "column": 147
        }
      },
      "16": {
        "start": {
          "line": 84,
          "column": 4
        },
        "end": {
          "line": 90,
          "column": 7
        }
      },
      "17": {
        "start": {
          "line": 85,
          "column": 6
        },
        "end": {
          "line": 86,
          "column": 15
        }
      },
      "18": {
        "start": {
          "line": 86,
          "column": 8
        },
        "end": {
          "line": 86,
          "column": 15
        }
      },
      "19": {
        "start": {
          "line": 87,
          "column": 32
        },
        "end": {
          "line": 87,
          "column": 115
        }
      },
      "20": {
        "start": {
          "line": 88,
          "column": 6
        },
        "end": {
          "line": 89,
          "column": 54
        }
      },
      "21": {
        "start": {
          "line": 89,
          "column": 8
        },
        "end": {
          "line": 89,
          "column": 54
        }
      }
    },
    "fnMap": {
      "0": {
        "name": "(anonymous_0)",
        "decl": {
          "start": {
            "line": 11,
            "column": 24
          },
          "end": {
            "line": 11,
            "column": 25
          }
        },
        "loc": {
          "start": {
            "line": 11,
            "column": 38
          },
          "end": {
            "line": 13,
            "column": 3
          }
        },
        "line": 11
      },
      "1": {
        "name": "App",
        "decl": {
          "start": {
            "line": 18,
            "column": 9
          },
          "end": {
            "line": 18,
            "column": 12
          }
        },
        "loc": {
          "start": {
            "line": 18,
            "column": 15
          },
          "end": {
            "line": 71,
            "column": 1
          }
        },
        "line": 18
      },
      "2": {
        "name": "(anonymous_2)",
        "decl": {
          "start": {
            "line": 82,
            "column": 9
          },
          "end": {
            "line": 82,
            "column": 10
          }
        },
        "loc": {
          "start": {
            "line": 82,
            "column": 29
          },
          "end": {
            "line": 91,
            "column": 3
          }
        },
        "line": 82
      },
      "3": {
        "name": "(anonymous_3)",
        "decl": {
          "start": {
            "line": 84,
            "column": 27
          },
          "end": {
            "line": 84,
            "column": 28
          }
        },
        "loc": {
          "start": {
            "line": 84,
            "column": 44
          },
          "end": {
            "line": 90,
            "column": 5
          }
        },
        "line": 84
      }
    },
    "branchMap": {
      "0": {
        "loc": {
          "start": {
            "line": 5,
            "column": 0
          },
          "end": {
            "line": 15,
            "column": 1
          }
        },
        "type": "if",
        "locations": [
          {
            "start": {
              "line": 5,
              "column": 0
            },
            "end": {
              "line": 15,
              "column": 1
            }
          },
          {
            "start": {},
            "end": {}
          }
        ],
        "line": 5
      },
      "1": {
        "loc": {
          "start": {
            "line": 6,
            "column": 2
          },
          "end": {
            "line": 8,
            "column": 3
          }
        },
        "type": "if",
        "locations": [
          {
            "start": {
              "line": 6,
              "column": 2
            },
            "end": {
              "line": 8,
              "column": 3
            }
          },
          {
            "start": {},
            "end": {}
          }
        ],
        "line": 6
      },
      "2": {
        "loc": {
          "start": {
            "line": 76,
            "column": 0
          },
          "end": {
            "line": 92,
            "column": 1
          }
        },
        "type": "if",
        "locations": [
          {
            "start": {
              "line": 76,
              "column": 0
            },
            "end": {
              "line": 92,
              "column": 1
            }
          },
          {
            "start": {},
            "end": {}
          }
        ],
        "line": 76
      },
      "3": {
        "loc": {
          "start": {
            "line": 85,
            "column": 6
          },
          "end": {
            "line": 86,
            "column": 15
          }
        },
        "type": "if",
        "locations": [
          {
            "start": {
              "line": 85,
              "column": 6
            },
            "end": {
              "line": 86,
              "column": 15
            }
          },
          {
            "start": {},
            "end": {}
          }
        ],
        "line": 85
      },
      "4": {
        "loc": {
          "start": {
            "line": 88,
            "column": 6
          },
          "end": {
            "line": 89,
            "column": 54
          }
        },
        "type": "if",
        "locations": [
          {
            "start": {
              "line": 88,
              "column": 6
            },
            "end": {
              "line": 89,
              "column": 54
            }
          },
          {
            "start": {},
            "end": {}
          }
        ],
        "line": 88
      }
    },
    "s": {
      "0": 3,
      "1": 3,
      "2": 0,
      "3": 3,
      "4": 3,
      "5": 3,
      "6": 3,
      "7": 3,
      "8": 9,
      "9": 3,
      "10": 3,
      "11": 3,
      "12": 3,
      "13": 3,
      "14": 3,
      "15": 0,
      "16": 0,
      "17": 0,
      "18": 0,
      "19": 0,
      "20": 0,
      "21": 0
    },
    "f": {
      "0": 3,
      "1": 9,
      "2": 0,
      "3": 0
    },
    "b": {
      "0": [
        3,
        0
      ],
      "1": [
        0,
        3
      ],
      "2": [
        3,
        0
      ],
      "3": [
        0,
        0
      ],
      "4": [
        0,
        0
      ]
    },
    "inputSourceMap": {
      "version": 3,
      "mappings": "AAQQ;AARR,OAAOA,oBAAkB;AAAA;AAAA;AAAA;AAAA;AAAA;AAAA;AAAA;AAAA;AAAA;AAAA;AAAA;AAAA;AAAA;AACzB,OAAO;AACP,OAAOC,eAAe;AAEtB,SAASC,MAAM;AACb,SACE,uBAAC,UAAK,MAAK,MACT;AAAA,2BAAC,UACC;AAAA,6BAAC,YACC,MAAK,UACL,yBAAyB;AAAA,QACvBC,QAAS;AAAA;AAAA;AAAA;AAAA;AAAA,MAKX,KARF;AAAA;AAAA;AAAA;AAAA,aASC;AAAA,MACD,uBAAC,UAAK,SAAQ,WAAd;AAAA;AAAA;AAAA;AAAA,aAAqB;AAAA,MACrB,uBAAC,UAAK,KAAI,QAAO,MAAK,iBAAgB,MAAK,eAA3C;AAAA;AAAA;AAAA;AAAA,aAAsD;AAAA,MACtD,uBAAC,UAAK,MAAK,YAAW,SAAQ,2CAA9B;AAAA;AAAA;AAAA;AAAA,aAAqE;AAAA,MACrE,uBAAC,WAAM,sCAAP;AAAA;AAAA;AAAA;AAAA,aAA6B;AAAA,SAd/B;AAAA;AAAA;AAAA;AAAA,WAeA;AAAA,IACA,uBAAC,UACC,iCAAC,eAAD;AAAA;AAAA;AAAA;AAAA,WAAU,KADZ;AAAA;AAAA;AAAA;AAAA,WAEA;AAAA,OAnBF;AAAA;AAAA;AAAA;AAAA,SAoBA;AAEJ;AAACC,KAxBQF;AA0BT,eAAeA;AAAI;AAAAG",
      "names": [
        "React",
        "AppRouter",
        "App",
        "__html",
        "_c",
        "$RefreshReg$"
      ],
      "sources": [
        "C:/Users/m0rlo/RS_school/React/RSSchoolReact2023Q1/src/components/app/App.tsx"
      ],
      "file": "C:/Users/m0rlo/RS_school/React/RSSchoolReact2023Q1/src/components/app/App.tsx"
    },
    "_coverageSchema": "1a1c01bbd47fc00a2c39e90264f33305004495a9",
    "hash": "736f6b1d442c42f98cc9ad72755b07adf4a2419a"
  },
  "C:/Users/m0rlo/RS_school/React/RSSchoolReact2023Q1/src/store/store.ts": {
    "path": "C:/Users/m0rlo/RS_school/React/RSSchoolReact2023Q1/src/store/store.ts",
    "statementMap": {
      "0": {
        "start": {
          "line": 5,
          "column": 20
        },
        "end": {
          "line": 9,
          "column": 2
        }
      },
      "1": {
        "start": {
          "line": 10,
          "column": 18
        },
        "end": {
          "line": 16,
          "column": 1
        }
      },
      "2": {
        "start": {
          "line": 11,
          "column": 2
        },
        "end": {
          "line": 15,
          "column": 5
        }
      },
      "3": {
        "start": {
          "line": 13,
          "column": 42
        },
        "end": {
          "line": 13,
          "column": 96
        }
      }
    },
    "fnMap": {
      "0": {
        "name": "(anonymous_0)",
        "decl": {
          "start": {
            "line": 10,
            "column": 18
          },
          "end": {
            "line": 10,
            "column": 19
          }
        },
        "loc": {
          "start": {
            "line": 10,
            "column": 45
          },
          "end": {
            "line": 16,
            "column": 1
          }
        },
        "line": 10
      },
      "1": {
        "name": "(anonymous_1)",
        "decl": {
          "start": {
            "line": 13,
            "column": 16
          },
          "end": {
            "line": 13,
            "column": 17
          }
        },
        "loc": {
          "start": {
            "line": 13,
            "column": 42
          },
          "end": {
            "line": 13,
            "column": 96
          }
        },
        "line": 13
      }
    },
    "branchMap": {
      "0": {
        "loc": {
          "start": {
            "line": 10,
            "column": 19
          },
          "end": {
            "line": 10,
            "column": 40
          }
        },
        "type": "default-arg",
        "locations": [
          {
            "start": {
              "line": 10,
              "column": 34
            },
            "end": {
              "line": 10,
              "column": 40
            }
          }
        ],
        "line": 10
      }
    },
    "s": {
      "0": 3,
      "1": 3,
      "2": 3,
      "3": 3
    },
    "f": {
      "0": 3,
      "1": 3
    },
    "b": {
      "0": [
        0
      ]
    },
    "inputSourceMap": {
      "version": 3,
      "sources": [
        "C:/Users/m0rlo/RS_school/React/RSSchoolReact2023Q1/src/store/store.ts"
      ],
      "mappings": "AAAA,SAAS,iBAAiB,sBAAsB;AAChD,OAAO,iBAAiB;AACxB,OAAO,uBAAuB;AAC9B,SAAS,oBAAoB;AAE7B,MAAM,cAAc,gBAAgB;AAAA,EAClC,CAAC,aAAa,WAAW,GAAG,aAAa;AAAA,EACzC,MAAM;AAAA,EACN,iBAAiB;AACnB,CAAC;AAED,MAAM,YAAY,CAAC,eAAsC,WAAc;AACrE,SAAO,eAAe;AAAA,IACpB,SAAS;AAAA,IACT,YAAY,CAAC,yBAAyB,qBAAqB,EAAE,OAAO,aAAa,UAAU;AAAA,IAC3F,gBAAgB;AAAA,EAClB,CAAC;AACH;AAMA;AACA,eAAe;",
      "names": []
    },
    "_coverageSchema": "1a1c01bbd47fc00a2c39e90264f33305004495a9",
    "hash": "6d2300fd678ab2563abf1a44bf5a575052c8109d"
  },
  "C:/Users/m0rlo/RS_school/React/RSSchoolReact2023Q1/src/client.tsx": {
    "path": "C:/Users/m0rlo/RS_school/React/RSSchoolReact2023Q1/src/client.tsx",
    "statementMap": {
      "0": {
        "start": {
          "line": 8,
          "column": 14
        },
        "end": {
          "line": 8,
          "column": 89
        }
      },
      "1": {
        "start": {
          "line": 9,
          "column": 0
        },
        "end": {
          "line": 21,
          "column": 10
        }
      }
    },
    "fnMap": {},
    "branchMap": {
      "0": {
        "loc": {
          "start": {
            "line": 8,
            "column": 24
          },
          "end": {
            "line": 8,
            "column": 88
          }
        },
        "type": "cond-expr",
        "locations": [
          {
            "start": {
              "line": 8,
              "column": 53
            },
            "end": {
              "line": 8,
              "column": 79
            }
          },
          {
            "start": {
              "line": 8,
              "column": 82
            },
            "end": {
              "line": 8,
              "column": 88
            }
          }
        ],
        "line": 8
      }
    },
    "s": {
      "0": 3,
      "1": 3
    },
    "f": {},
    "b": {
      "0": [
        3,
        0
      ]
    },
    "inputSourceMap": {
      "version": 3,
      "mappings": "AAcM;AAbN,SAASA,mBAAmB;AAC5B,OAAOC,SAAS;AAChB,SAASC,qBAAqB;AAC9B,OAAOC,eAAe;AACtB,SAASC,gBAAgB;AACzB,OAAO;AAEP,MAAMC,QAAQF,UAAUG,OAAOC,sBAAsBD,OAAOC,sBAAsBC,MAAS;AAE3FR,YACES,SAASC,MACT,uBAAC,iBACC,iCAAC,YAAS,OACR,iCAAC,SAAD;AAAA;AAAA;AAAA;AAAA,OAAI,KADN;AAAA;AAAA;AAAA;AAAA,OAEA,KAHF;AAAA;AAAA;AAAA;AAAA,OAIA,CAAgB",
      "names": [
        "hydrateRoot",
        "App",
        "BrowserRouter",
        "initStore",
        "Provider",
        "store",
        "window",
        "__PRELOADED_STATE__",
        "undefined",
        "document",
        "body"
      ],
      "sources": [
        "C:/Users/m0rlo/RS_school/React/RSSchoolReact2023Q1/src/client.tsx"
      ],
      "file": "C:/Users/m0rlo/RS_school/React/RSSchoolReact2023Q1/src/client.tsx"
    },
    "_coverageSchema": "1a1c01bbd47fc00a2c39e90264f33305004495a9",
    "hash": "81afa4379fcd414cbccd51999202846516ef226c"
  },
  "C:/Users/m0rlo/RS_school/React/RSSchoolReact2023Q1/src/server.ts": {
    "path": "C:/Users/m0rlo/RS_school/React/RSSchoolReact2023Q1/src/server.ts",
    "statementMap": {},
    "fnMap": {},
    "branchMap": {},
    "s": {},
    "f": {},
    "b": {}
  },
  "C:/Users/m0rlo/RS_school/React/RSSchoolReact2023Q1/src/setupTests.ts": {
    "path": "C:/Users/m0rlo/RS_school/React/RSSchoolReact2023Q1/src/setupTests.ts",
    "statementMap": {},
    "fnMap": {},
    "branchMap": {},
    "s": {},
    "f": {},
    "b": {}
  },
  "C:/Users/m0rlo/RS_school/React/RSSchoolReact2023Q1/src/infostructure/ICharacterCard.ts": {
    "path": "C:/Users/m0rlo/RS_school/React/RSSchoolReact2023Q1/src/infostructure/ICharacterCard.ts",
    "statementMap": {},
    "fnMap": {},
    "branchMap": {},
    "s": {},
    "f": {},
    "b": {}
  },
  "C:/Users/m0rlo/RS_school/React/RSSchoolReact2023Q1/src/infostructure/ICharacterModalCard.ts": {
    "path": "C:/Users/m0rlo/RS_school/React/RSSchoolReact2023Q1/src/infostructure/ICharacterModalCard.ts",
    "statementMap": {},
    "fnMap": {},
    "branchMap": {},
    "s": {},
    "f": {},
    "b": {}
  },
  "C:/Users/m0rlo/RS_school/React/RSSchoolReact2023Q1/src/infostructure/IFormCard.ts": {
    "path": "C:/Users/m0rlo/RS_school/React/RSSchoolReact2023Q1/src/infostructure/IFormCard.ts",
    "statementMap": {},
    "fnMap": {},
    "branchMap": {},
    "s": {},
    "f": {},
    "b": {}
  },
  "C:/Users/m0rlo/RS_school/React/RSSchoolReact2023Q1/src/server/utils/preloadCards.ts": {
    "path": "C:/Users/m0rlo/RS_school/React/RSSchoolReact2023Q1/src/server/utils/preloadCards.ts",
    "statementMap": {},
    "fnMap": {},
    "branchMap": {},
    "s": {},
    "f": {},
    "b": {}
  },
  "C:/Users/m0rlo/RS_school/React/RSSchoolReact2023Q1/src/server/entry-server.tsx": {
    "path": "C:/Users/m0rlo/RS_school/React/RSSchoolReact2023Q1/src/server/entry-server.tsx",
    "statementMap": {},
    "fnMap": {},
    "branchMap": {},
    "s": {},
    "f": {},
    "b": {}
  },
  "C:/Users/m0rlo/RS_school/React/RSSchoolReact2023Q1/src/components/routes/AppRouter.test.tsx": {
    "path": "C:/Users/m0rlo/RS_school/React/RSSchoolReact2023Q1/src/components/routes/AppRouter.test.tsx",
    "statementMap": {},
    "fnMap": {},
    "branchMap": {},
    "s": {},
    "f": {},
    "b": {}
  },
  "C:/Users/m0rlo/RS_school/React/RSSchoolReact2023Q1/src/molecules/card/Card.test.tsx": {
    "path": "C:/Users/m0rlo/RS_school/React/RSSchoolReact2023Q1/src/molecules/card/Card.test.tsx",
    "statementMap": {},
    "fnMap": {},
    "branchMap": {},
    "s": {},
    "f": {},
    "b": {}
  },
  "C:/Users/m0rlo/RS_school/React/RSSchoolReact2023Q1/src/molecules/formCard/formCard.test.tsx": {
    "path": "C:/Users/m0rlo/RS_school/React/RSSchoolReact2023Q1/src/molecules/formCard/formCard.test.tsx",
    "statementMap": {},
    "fnMap": {},
    "branchMap": {},
    "s": {},
    "f": {},
    "b": {}
  },
  "C:/Users/m0rlo/RS_school/React/RSSchoolReact2023Q1/src/organisms/form/form.test.tsx": {
    "path": "C:/Users/m0rlo/RS_school/React/RSSchoolReact2023Q1/src/organisms/form/form.test.tsx",
    "statementMap": {},
    "fnMap": {},
    "branchMap": {},
    "s": {},
    "f": {},
    "b": {}
  },
  "C:/Users/m0rlo/RS_school/React/RSSchoolReact2023Q1/src/pages/about/aboutPage.test.tsx": {
    "path": "C:/Users/m0rlo/RS_school/React/RSSchoolReact2023Q1/src/pages/about/aboutPage.test.tsx",
    "statementMap": {},
    "fnMap": {},
    "branchMap": {},
    "s": {},
    "f": {},
    "b": {}
  },
  "C:/Users/m0rlo/RS_school/React/RSSchoolReact2023Q1/src/pages/form/formPage.test.tsx": {
    "path": "C:/Users/m0rlo/RS_school/React/RSSchoolReact2023Q1/src/pages/form/formPage.test.tsx",
    "statementMap": {},
    "fnMap": {},
    "branchMap": {},
    "s": {},
    "f": {},
    "b": {}
  },
  "C:/Users/m0rlo/RS_school/React/RSSchoolReact2023Q1/src/pages/main/mainPage.test.tsx": {
    "path": "C:/Users/m0rlo/RS_school/React/RSSchoolReact2023Q1/src/pages/main/mainPage.test.tsx",
    "statementMap": {},
    "fnMap": {},
    "branchMap": {},
    "s": {},
    "f": {},
    "b": {}
  },
  "C:/Users/m0rlo/RS_school/React/RSSchoolReact2023Q1/src/store/utils/test-utils.tsx": {
    "path": "C:/Users/m0rlo/RS_school/React/RSSchoolReact2023Q1/src/store/utils/test-utils.tsx",
    "statementMap": {},
    "fnMap": {},
    "branchMap": {},
    "s": {},
    "f": {},
    "b": {}
  }
}
